<?xml version="1.0" encoding="UTF-8"?>
<!-- Generated by org.testng.reporters.JUnitReportReporter -->
<testsuite hostname="DESKTOP-1173MV2" failures="0" tests="2" name="com.sdet.AppTest" time="0.023" errors="0" timestamp="2022-04-23T20:37:35 CDT" skipped="0">
  <testcase classname="com.sdet.AppTest" name="testlogin2" time="0.001"/>
  <system-out/>
  <testcase classname="com.sdet.AppTest" name="testlogin1" time="0.022"/>
  <system-out/>
</testsuite> <!-- com.sdet.AppTest -->
