<?xml version="1.0" encoding="UTF-8"?>
<!-- Generated by org.testng.reporters.JUnitReportReporter -->
<testsuite hostname="DESKTOP-1173MV2" failures="0" tests="1" name="com.sdet.TC_Login" time="5.301" errors="0" timestamp="2022-04-23T20:37:05 CDT" skipped="0">
  <testcase classname="com.sdet.TC_Login" name="login_Test" time="5.301"/>
  <system-out/>
</testsuite> <!-- com.sdet.TC_Login -->
