<?xml version="1.0" encoding="UTF-8"?>
<!-- Generated by org.testng.reporters.JUnitReportReporter -->
<testsuite hostname="DESKTOP-1173MV2" failures="0" tests="1" name="com.sdet.TC_Login" time="4.760" errors="0" timestamp="2022-04-25T18:54:30 CDT" skipped="0">
  <testcase classname="com.sdet.TC_Login" name="login_Test" time="4.760"/>
  <system-out/>
</testsuite> <!-- com.sdet.TC_Login -->
